<?xml version="1.0" encoding="UTF-8"?>
<!-- Generated by org.testng.reporters.JUnitXMLReporter -->
<testsuite ignored="0" hostname="YCSLAP1132" failures="0" tests="6" name="Regression Test" time="79.593" errors="0" timestamp="2025-06-30T13:02:08 IST">
  <testcase classname="cogmentoCRM.Web.testcases.AddNewDealTest" name="createNewDeal" time="10.355"/>
  <testcase classname="cogmentoCRM.Web.testcases.AddNewDealTest" name="verifyCreatedDealinList" time="3.538"/>
  <testcase classname="cogmentoCRM.Web.testcases.AddNewContactTest" name="createNewContact" time="19.706"/>
  <testcase classname="cogmentoCRM.Web.testcases.AddNewContactTest" name="verifyCreatedContactinList" time="3.045"/>
  <testcase classname="cogmentoCRM.Web.testcases.AddNewEventTest" name="createNewEvent" time="14.626"/>
  <testcase classname="cogmentoCRM.Web.testcases.AddNewEventTest" name="verifyCreatedEventinList" time="5.734"/>
</testsuite> <!-- Regression Test -->
