<?xml version="1.0" encoding="UTF-8"?>
<!-- Generated by org.testng.reporters.JUnitXMLReporter -->
<testsuite ignored="0" hostname="YCSLAP1132" failures="0" tests="6" name="Regression Test" time="33.94" errors="0" timestamp="2025-06-27T17:23:40 IST">
  <testcase classname="cogmentoCRM.Web.testcases.AddNewDealTest" name="createNewDeal" time="11.576"/>
  <testcase classname="cogmentoCRM.Web.testcases.AddNewEventTest" name="createNewEvent" time="13.898"/>
  <testcase classname="cogmentoCRM.Web.testcases.AddNewDealTest" name="validateCreatedDeal" time="2.907"/>
  <testcase classname="cogmentoCRM.Web.testcases.AddNewContactTest" name="createNewContact" time="20.587"/>
  <testcase classname="cogmentoCRM.Web.testcases.AddNewEventTest" name="validateCreatedEvent" time="7.43"/>
  <testcase classname="cogmentoCRM.Web.testcases.AddNewContactTest" name="validateCreatedContact" time="3.182"/>
</testsuite> <!-- Regression Test -->
