<?xml version="1.0" encoding="UTF-8"?>
<testng-results ignored="0" total="5" passed="5" failed="0" skipped="0">
  <reporter-output>
  </reporter-output>
  <suite started-at="2025-07-01T18:02:29 IST" name="Regression Suite" finished-at="2025-07-01T18:03:16 IST" duration-ms="46427">
    <groups>
    </groups>
    <test started-at="2025-07-01T18:02:29 IST" name="Regression Test" finished-at="2025-07-01T18:03:16 IST" duration-ms="46427">
      <class name="cogmentoCRM.Web.testcases.E2E03_AddNewContactTest">
        <test-method is-config="true" signature="setUp()[pri:0, instance:cogmentoCRM.Web.testcases.E2E03_AddNewContactTest@2eee3069]" started-at="2025-07-01T18:02:30 IST" name="setUp" finished-at="2025-07-01T18:02:46 IST" duration-ms="15195" status="PASS">
          <reporter-output>
          </reporter-output>
        </test-method> <!-- setUp -->
        <test-method signature="createNewContact(java.util.Map)[pri:0, instance:cogmentoCRM.Web.testcases.E2E03_AddNewContactTest@2eee3069]" started-at="2025-07-01T18:02:46 IST" name="createNewContact" data-provider="ExcelTestData" finished-at="2025-07-01T18:03:13 IST" duration-ms="27456" status="PASS">
          <params>
            <param index="0">
              <value>
                <![CDATA[{firstName=@@str(12), lastName=@@str(4), middleName=@@str(3), company=xyz, tags=, email=xyz@gmail.com, category=Contact, status=Active, description=@@str(20), social Channel=Facebook, channel link=https://ui.cogmento.com/contacts/new/, timeZone=, address=@@str(6), number=@@mob, position=@@str(6), department=@@str(6), supervisor=@@str(6), assistant=@@str(6), referred By=@@str(6), source=Google, Do not call=Yes, Do not email=, Do not text=, Bday Date=Sat Nov 22 00:00:00 IST 1997, identifier=@@str(4), image=D:\\Automation_Redefined\\Cogmento-CRM-Web\\testdata\\img1.jpg, =}]]>
              </value>
            </param>
          </params>
          <reporter-output>
          </reporter-output>
        </test-method> <!-- createNewContact -->
        <test-method is-config="true" signature="tearDown()[pri:0, instance:cogmentoCRM.Web.testcases.E2E03_AddNewContactTest@2eee3069]" started-at="2025-07-01T18:03:13 IST" name="tearDown" finished-at="2025-07-01T18:03:16 IST" duration-ms="2774" status="PASS">
          <reporter-output>
          </reporter-output>
        </test-method> <!-- tearDown -->
      </class> <!-- cogmentoCRM.Web.testcases.E2E03_AddNewContactTest -->
      <class name="cogmentoCRM.Web.testcases.E2E05_AddNewCompanyTest">
        <test-method is-config="true" signature="setUp()[pri:0, instance:cogmentoCRM.Web.testcases.E2E05_AddNewCompanyTest@5629510]" started-at="2025-07-01T18:02:30 IST" name="setUp" finished-at="2025-07-01T18:02:45 IST" duration-ms="14832" status="PASS">
          <reporter-output>
          </reporter-output>
        </test-method> <!-- setUp -->
        <test-method signature="createNewCompany(java.util.Map)[pri:0, instance:cogmentoCRM.Web.testcases.E2E05_AddNewCompanyTest@5629510]" started-at="2025-07-01T18:02:45 IST" name="createNewCompany" data-provider="ExcelTestData" finished-at="2025-07-01T18:03:03 IST" duration-ms="17402" status="PASS">
          <params>
            <param index="0">
              <value>
                <![CDATA[{name=@@Str(10), streetAddress=@@Str(16), postCode=560095, phNumber=@@mob, emailId=xcy@gmail.com, description=@@Str(16), NumOfEmployees=40, annualRevenue=20000000, category=Partner}]]>
              </value>
            </param>
          </params>
          <reporter-output>
          </reporter-output>
        </test-method> <!-- createNewCompany -->
        <test-method is-config="true" signature="tearDown()[pri:0, instance:cogmentoCRM.Web.testcases.E2E05_AddNewCompanyTest@5629510]" started-at="2025-07-01T18:03:03 IST" name="tearDown" finished-at="2025-07-01T18:03:05 IST" duration-ms="2586" status="PASS">
          <reporter-output>
          </reporter-output>
        </test-method> <!-- tearDown -->
      </class> <!-- cogmentoCRM.Web.testcases.E2E05_AddNewCompanyTest -->
      <class name="cogmentoCRM.Web.testcases.E2E01_MenusNavigationTest">
        <test-method is-config="true" signature="setUp()[pri:0, instance:cogmentoCRM.Web.testcases.E2E01_MenusNavigationTest@f316aeb]" started-at="2025-07-01T18:02:29 IST" name="setUp" finished-at="2025-07-01T18:02:43 IST" duration-ms="13130" status="PASS">
          <reporter-output>
          </reporter-output>
        </test-method> <!-- setUp -->
        <test-method signature="navigateMenusAndVerifyLanding()[pri:1, instance:cogmentoCRM.Web.testcases.E2E01_MenusNavigationTest@f316aeb]" started-at="2025-07-01T18:02:43 IST" name="navigateMenusAndVerifyLanding" finished-at="2025-07-01T18:03:02 IST" duration-ms="19127" status="PASS">
          <reporter-output>
          </reporter-output>
        </test-method> <!-- navigateMenusAndVerifyLanding -->
        <test-method is-config="true" signature="tearDown()[pri:0, instance:cogmentoCRM.Web.testcases.E2E01_MenusNavigationTest@f316aeb]" started-at="2025-07-01T18:03:02 IST" name="tearDown" finished-at="2025-07-01T18:03:04 IST" duration-ms="2656" status="PASS">
          <reporter-output>
          </reporter-output>
        </test-method> <!-- tearDown -->
      </class> <!-- cogmentoCRM.Web.testcases.E2E01_MenusNavigationTest -->
      <class name="cogmentoCRM.Web.testcases.E2E02_AddNewEventTest">
        <test-method is-config="true" signature="setUp()[pri:0, instance:cogmentoCRM.Web.testcases.E2E02_AddNewEventTest@28ec166e]" started-at="2025-07-01T18:02:30 IST" name="setUp" finished-at="2025-07-01T18:02:45 IST" duration-ms="14820" status="PASS">
          <reporter-output>
          </reporter-output>
        </test-method> <!-- setUp -->
        <test-method signature="createNewEvent(java.util.Map)[pri:0, instance:cogmentoCRM.Web.testcases.E2E02_AddNewEventTest@28ec166e]" started-at="2025-07-01T18:02:45 IST" name="createNewEvent" data-provider="ExcelTestData" finished-at="2025-07-01T18:03:07 IST" duration-ms="22191" status="PASS">
          <params>
            <param index="0">
              <value>
                <![CDATA[{Title=@@Str(10), Start Date=Wed Jul 02 04:30:00 IST 2025, End Date=Thu Aug 07 05:30:00 IST 2025, Category=Meeting, Description=@@Str(20), Location=@@Str(20), All Day=Yes, Identifier=xyz@gmail.com}]]>
              </value>
            </param>
          </params>
          <reporter-output>
          </reporter-output>
        </test-method> <!-- createNewEvent -->
        <test-method is-config="true" signature="tearDown()[pri:0, instance:cogmentoCRM.Web.testcases.E2E02_AddNewEventTest@28ec166e]" started-at="2025-07-01T18:03:07 IST" name="tearDown" finished-at="2025-07-01T18:03:10 IST" duration-ms="2775" status="PASS">
          <reporter-output>
          </reporter-output>
        </test-method> <!-- tearDown -->
      </class> <!-- cogmentoCRM.Web.testcases.E2E02_AddNewEventTest -->
      <class name="cogmentoCRM.Web.testcases.E2E04_AddNewDealTest">
        <test-method is-config="true" signature="setUp()[pri:0, instance:cogmentoCRM.Web.testcases.E2E04_AddNewDealTest@2da59753]" started-at="2025-07-01T18:02:30 IST" name="setUp" finished-at="2025-07-01T18:02:45 IST" duration-ms="14985" status="PASS">
          <reporter-output>
          </reporter-output>
        </test-method> <!-- setUp -->
        <test-method signature="createNewDeal(java.util.Map)[pri:0, instance:cogmentoCRM.Web.testcases.E2E04_AddNewDealTest@2da59753]" started-at="2025-07-01T18:02:45 IST" name="createNewDeal" data-provider="ExcelTestData" finished-at="2025-07-01T18:03:02 IST" duration-ms="16893" status="PASS">
          <params>
            <param index="0">
              <value>
                <![CDATA[{title=@@Str(8), company=@@Str(4), closedate=Mon Jul 28 15:00:00 IST 2025, description=@@Str(20), probability=20, amount=1000, type=New, source=online, filterSearch=title}]]>
              </value>
            </param>
          </params>
          <reporter-output>
          </reporter-output>
        </test-method> <!-- createNewDeal -->
        <test-method is-config="true" signature="tearDown()[pri:0, instance:cogmentoCRM.Web.testcases.E2E04_AddNewDealTest@2da59753]" started-at="2025-07-01T18:03:02 IST" name="tearDown" finished-at="2025-07-01T18:03:05 IST" duration-ms="2639" status="PASS">
          <reporter-output>
          </reporter-output>
        </test-method> <!-- tearDown -->
      </class> <!-- cogmentoCRM.Web.testcases.E2E04_AddNewDealTest -->
    </test> <!-- Regression Test -->
  </suite> <!-- Regression Suite -->
</testng-results>
