<?xml version="1.0" encoding="UTF-8"?>
<!-- Generated by org.testng.reporters.JUnitReportReporter -->
<testsuite hostname="YCSLAP1132" failures="0" tests="2" name="cogmentoCRM.Web.testcases.AddNewEventTest" time="21.328" errors="0" timestamp="2025-06-27T17:23:40 IST" skipped="0">
  <testcase classname="cogmentoCRM.Web.testcases.AddNewEventTest" name="validateCreatedEvent" time="7.430"/>
  <testcase classname="cogmentoCRM.Web.testcases.AddNewEventTest" name="createNewEvent" time="13.898"/>
</testsuite> <!-- cogmentoCRM.Web.testcases.AddNewEventTest -->
