<?xml version="1.0" encoding="UTF-8"?>
<!-- Generated by org.testng.reporters.JUnitReportReporter -->
<testsuite hostname="YCSLAP1132" failures="0" tests="2" name="cogmentoCRM.Web.testcases.AddNewContactTest" time="23.769" errors="0" timestamp="2025-06-27T17:23:40 IST" skipped="0">
  <testcase classname="cogmentoCRM.Web.testcases.AddNewContactTest" name="createNewContact" time="20.587"/>
  <testcase classname="cogmentoCRM.Web.testcases.AddNewContactTest" name="validateCreatedContact" time="3.182"/>
</testsuite> <!-- cogmentoCRM.Web.testcases.AddNewContactTest -->
