<?xml version="1.0" encoding="UTF-8"?>
<!-- Generated by org.testng.reporters.JUnitReportReporter -->
<testsuite hostname="YCSLAP1132" failures="0" tests="2" name="cogmentoCRM.Web.testcases.AddNewDealTest" time="14.483" errors="0" timestamp="2025-06-27T17:23:40 IST" skipped="0">
  <testcase classname="cogmentoCRM.Web.testcases.AddNewDealTest" name="createNewDeal" time="11.576"/>
  <testcase classname="cogmentoCRM.Web.testcases.AddNewDealTest" name="validateCreatedDeal" time="2.907"/>
</testsuite> <!-- cogmentoCRM.Web.testcases.AddNewDealTest -->
